{"C:\\Users\\farin\\OneDrive\\Escritorio\\Pickit\\TypeScript_Cars\\src\\server.ts": {"path":"C:\\Users\\farin\\OneDrive\\Escritorio\\Pickit\\TypeScript_Cars\\src\\server.ts","statementMap":{"0":{"start":{"line":1,"column":0},"end":{"line":1,"column":29}},"1":{"start":{"line":2,"column":0},"end":{"line":2,"column":23}},"2":{"start":{"line":3,"column":0},"end":{"line":3,"column":44}},"3":{"start":{"line":4,"column":0},"end":{"line":4,"column":37}},"4":{"start":{"line":5,"column":0},"end":{"line":5,"column":45}},"5":{"start":{"line":6,"column":0},"end":{"line":6,"column":41}},"6":{"start":{"line":7,"column":0},"end":{"line":7,"column":27}},"7":{"start":{"line":8,"column":0},"end":{"line":8,"column":null}},"8":{"start":{"line":15,"column":8},"end":{"line":15,"column":29}},"9":{"start":{"line":16,"column":8},"end":{"line":16,"column":37}},"10":{"start":{"line":17,"column":8},"end":{"line":17,"column":26}},"11":{"start":{"line":18,"column":8},"end":{"line":18,"column":27}},"12":{"start":{"line":19,"column":8},"end":{"line":19,"column":22}},"13":{"start":{"line":23,"column":8},"end":{"line":23,"column":29}},"14":{"start":{"line":28,"column":8},"end":{"line":28,"column":31}},"15":{"start":{"line":29,"column":8},"end":{"line":29,"column":39}},"16":{"start":{"line":30,"column":8},"end":{"line":30,"column":49}},"17":{"start":{"line":31,"column":8},"end":{"line":35,"column":null}},"18":{"start":{"line":39,"column":8},"end":{"line":39,"column":51}},"19":{"start":{"line":40,"column":8},"end":{"line":40,"column":60}},"20":{"start":{"line":41,"column":8},"end":{"line":41,"column":55}},"21":{"start":{"line":45,"column":8},"end":{"line":47,"column":11}},"22":{"start":{"line":46,"column":12},"end":{"line":46,"column":67}},"23":{"start":{"line":51,"column":0},"end":{"line":51,"column":22}}},"fnMap":{"0":{"name":"(anonymous_8)","decl":{"start":{"line":14,"column":4},"end":{"line":14,"column":null}},"loc":{"start":{"line":14,"column":4},"end":{"line":20,"column":5}}},"1":{"name":"(anonymous_9)","decl":{"start":{"line":22,"column":10},"end":{"line":22,"column":20}},"loc":{"start":{"line":22,"column":20},"end":{"line":24,"column":null}}},"2":{"name":"(anonymous_11)","decl":{"start":{"line":26,"column":4},"end":{"line":26,"column":15}},"loc":{"start":{"line":26,"column":15},"end":{"line":36,"column":5}}},"3":{"name":"(anonymous_12)","decl":{"start":{"line":38,"column":4},"end":{"line":38,"column":10}},"loc":{"start":{"line":38,"column":10},"end":{"line":42,"column":5}}},"4":{"name":"(anonymous_13)","decl":{"start":{"line":44,"column":4},"end":{"line":44,"column":10}},"loc":{"start":{"line":44,"column":10},"end":{"line":48,"column":5}}},"5":{"name":"(anonymous_14)","decl":{"start":{"line":45,"column":35},"end":{"line":45,"column":38}},"loc":{"start":{"line":45,"column":40},"end":{"line":47,"column":9}}}},"branchMap":{},"s":{"0":1,"1":1,"2":1,"3":1,"4":1,"5":1,"6":1,"7":1,"8":1,"9":1,"10":1,"11":1,"12":1,"13":1,"14":1,"15":1,"16":1,"17":1,"18":1,"19":1,"20":1,"21":0,"22":0,"23":1},"f":{"0":1,"1":1,"2":1,"3":1,"4":0,"5":0},"b":{}}
,"C:\\Users\\farin\\OneDrive\\Escritorio\\Pickit\\TypeScript_Cars\\src\\controllers\\cars.ts": {"path":"C:\\Users\\farin\\OneDrive\\Escritorio\\Pickit\\TypeScript_Cars\\src\\controllers\\cars.ts","statementMap":{"0":{"start":{"line":2,"column":0},"end":{"line":2,"column":31}},"1":{"start":{"line":4,"column":32},"end":{"line":9,"column":null}},"2":{"start":{"line":4,"column":51},"end":{"line":9,"column":null}},"3":{"start":{"line":6,"column":17},"end":{"line":6,"column":64}},"4":{"start":{"line":8,"column":4},"end":{"line":8,"column":19}},"5":{"start":{"line":68,"column":4},"end":{"line":68,"column":11}},"6":{"start":{"line":11,"column":31},"end":{"line":21,"column":null}},"7":{"start":{"line":11,"column":50},"end":{"line":21,"column":null}},"8":{"start":{"line":13,"column":16},"end":{"line":15,"column":6}},"9":{"start":{"line":17,"column":4},"end":{"line":19,"column":7}},"10":{"start":{"line":69,"column":4},"end":{"line":69,"column":10}},"11":{"start":{"line":23,"column":32},"end":{"line":40,"column":null}},"12":{"start":{"line":23,"column":51},"end":{"line":40,"column":null}},"13":{"start":{"line":25,"column":21},"end":{"line":25,"column":58}},"14":{"start":{"line":27,"column":18},"end":{"line":27,"column":48}},"15":{"start":{"line":28,"column":4},"end":{"line":32,"column":null}},"16":{"start":{"line":29,"column":6},"end":{"line":31,"column":9}},"17":{"start":{"line":34,"column":17},"end":{"line":34,"column":25}},"18":{"start":{"line":35,"column":16},"end":{"line":35,"column":32}},"19":{"start":{"line":37,"column":4},"end":{"line":37,"column":21}},"20":{"start":{"line":39,"column":4},"end":{"line":39,"column":30}},"21":{"start":{"line":70,"column":4},"end":{"line":70,"column":11}},"22":{"start":{"line":42,"column":31},"end":{"line":53,"column":null}},"23":{"start":{"line":42,"column":50},"end":{"line":53,"column":null}},"24":{"start":{"line":44,"column":58},"end":{"line":44,"column":66}},"25":{"start":{"line":44,"column":44},"end":{"line":44,"column":49}},"26":{"start":{"line":44,"column":53},"end":{"line":44,"column":58}},"27":{"start":{"line":46,"column":16},"end":{"line":48,"column":57}},"28":{"start":{"line":50,"column":4},"end":{"line":52,"column":7}},"29":{"start":{"line":71,"column":4},"end":{"line":71,"column":10}},"30":{"start":{"line":55,"column":34},"end":{"line":65,"column":null}},"31":{"start":{"line":55,"column":53},"end":{"line":65,"column":null}},"32":{"start":{"line":57,"column":16},"end":{"line":60,"column":50}},"33":{"start":{"line":62,"column":4},"end":{"line":64,"column":7}},"34":{"start":{"line":72,"column":4},"end":{"line":72,"column":13}}},"fnMap":{"0":{"name":"(anonymous_9)","decl":{"start":{"line":4,"column":32},"end":{"line":4,"column":39}},"loc":{"start":{"line":4,"column":51},"end":{"line":9,"column":null}}},"1":{"name":"(anonymous_10)","decl":{"start":{"line":4,"column":51},"end":{"line":4,"column":null}},"loc":{"start":{"line":4,"column":51},"end":{"line":9,"column":1}}},"2":{"name":"(anonymous_11)","decl":{"start":{"line":11,"column":31},"end":{"line":11,"column":38}},"loc":{"start":{"line":11,"column":50},"end":{"line":21,"column":null}}},"3":{"name":"(anonymous_12)","decl":{"start":{"line":11,"column":50},"end":{"line":11,"column":null}},"loc":{"start":{"line":11,"column":50},"end":{"line":21,"column":1}}},"4":{"name":"(anonymous_13)","decl":{"start":{"line":23,"column":32},"end":{"line":23,"column":39}},"loc":{"start":{"line":23,"column":51},"end":{"line":40,"column":null}}},"5":{"name":"(anonymous_14)","decl":{"start":{"line":23,"column":51},"end":{"line":23,"column":null}},"loc":{"start":{"line":23,"column":51},"end":{"line":40,"column":1}}},"6":{"name":"(anonymous_15)","decl":{"start":{"line":42,"column":31},"end":{"line":42,"column":38}},"loc":{"start":{"line":42,"column":50},"end":{"line":53,"column":null}}},"7":{"name":"(anonymous_16)","decl":{"start":{"line":42,"column":50},"end":{"line":42,"column":null}},"loc":{"start":{"line":42,"column":50},"end":{"line":53,"column":1}}},"8":{"name":"(anonymous_17)","decl":{"start":{"line":55,"column":34},"end":{"line":55,"column":41}},"loc":{"start":{"line":55,"column":53},"end":{"line":65,"column":null}}},"9":{"name":"(anonymous_18)","decl":{"start":{"line":55,"column":53},"end":{"line":55,"column":null}},"loc":{"start":{"line":55,"column":53},"end":{"line":65,"column":1}}}},"branchMap":{"0":{"loc":{"start":{"line":28,"column":4},"end":{"line":32,"column":null}},"type":"if","locations":[{"start":{"line":28,"column":4},"end":{"line":32,"column":null}}]}},"s":{"0":1,"1":1,"2":0,"3":0,"4":0,"5":1,"6":1,"7":0,"8":0,"9":0,"10":1,"11":1,"12":0,"13":0,"14":0,"15":0,"16":0,"17":0,"18":0,"19":0,"20":0,"21":1,"22":1,"23":0,"24":0,"25":0,"26":0,"27":0,"28":0,"29":1,"30":1,"31":0,"32":0,"33":0,"34":1},"f":{"0":0,"1":0,"2":0,"3":0,"4":0,"5":0,"6":0,"7":0,"8":0,"9":0},"b":{"0":[0]}}
,"C:\\Users\\farin\\OneDrive\\Escritorio\\Pickit\\TypeScript_Cars\\src\\controllers\\orders.ts": {"path":"C:\\Users\\farin\\OneDrive\\Escritorio\\Pickit\\TypeScript_Cars\\src\\controllers\\orders.ts","statementMap":{"0":{"start":{"line":2,"column":0},"end":{"line":2,"column":31}},"1":{"start":{"line":3,"column":0},"end":{"line":3,"column":39}},"2":{"start":{"line":4,"column":0},"end":{"line":4,"column":35}},"3":{"start":{"line":6,"column":41},"end":{"line":36,"column":null}},"4":{"start":{"line":6,"column":60},"end":{"line":36,"column":null}},"5":{"start":{"line":8,"column":21},"end":{"line":8,"column":58}},"6":{"start":{"line":9,"column":20},"end":{"line":9,"column":36}},"7":{"start":{"line":11,"column":16},"end":{"line":11,"column":91}},"8":{"start":{"line":13,"column":4},"end":{"line":13,"column":55}},"9":{"start":{"line":15,"column":4},"end":{"line":15,"column":21}},"10":{"start":{"line":17,"column":19},"end":{"line":17,"column":20}},"11":{"start":{"line":18,"column":4},"end":{"line":18,"column":32}},"12":{"start":{"line":20,"column":4},"end":{"line":26,"column":null}},"13":{"start":{"line":20,"column":15},"end":{"line":20,"column":16}},"14":{"start":{"line":22,"column":25},"end":{"line":22,"column":35}},"15":{"start":{"line":23,"column":25},"end":{"line":23,"column":66}},"16":{"start":{"line":24,"column":8},"end":{"line":24,"column":38}},"17":{"start":{"line":28,"column":4},"end":{"line":30,"column":7}},"18":{"start":{"line":32,"column":17},"end":{"line":32,"column":25}},"19":{"start":{"line":33,"column":18},"end":{"line":33,"column":36}},"20":{"start":{"line":34,"column":4},"end":{"line":34,"column":23}},"21":{"start":{"line":6,"column":13},"end":{"line":6,"column":41}}},"fnMap":{"0":{"name":"(anonymous_8)","decl":{"start":{"line":6,"column":41},"end":{"line":6,"column":48}},"loc":{"start":{"line":6,"column":60},"end":{"line":36,"column":null}}},"1":{"name":"(anonymous_9)","decl":{"start":{"line":6,"column":60},"end":{"line":6,"column":null}},"loc":{"start":{"line":6,"column":60},"end":{"line":36,"column":1}}}},"branchMap":{},"s":{"0":1,"1":1,"2":1,"3":1,"4":0,"5":0,"6":0,"7":0,"8":0,"9":0,"10":0,"11":0,"12":0,"13":0,"14":0,"15":0,"16":0,"17":0,"18":0,"19":0,"20":0,"21":1},"f":{"0":0,"1":0},"b":{}}
,"C:\\Users\\farin\\OneDrive\\Escritorio\\Pickit\\TypeScript_Cars\\src\\controllers\\services.ts": {"path":"C:\\Users\\farin\\OneDrive\\Escritorio\\Pickit\\TypeScript_Cars\\src\\controllers\\services.ts","statementMap":{"0":{"start":{"line":2,"column":0},"end":{"line":2,"column":39}},"1":{"start":{"line":4,"column":43},"end":{"line":9,"column":null}},"2":{"start":{"line":4,"column":63},"end":{"line":9,"column":null}},"3":{"start":{"line":6,"column":21},"end":{"line":6,"column":41}},"4":{"start":{"line":8,"column":4},"end":{"line":8,"column":23}},"5":{"start":{"line":4,"column":13},"end":{"line":4,"column":43}},"6":{"start":{"line":11,"column":43},"end":{"line":19,"column":null}},"7":{"start":{"line":11,"column":62},"end":{"line":19,"column":null}},"8":{"start":{"line":13,"column":17},"end":{"line":13,"column":25}},"9":{"start":{"line":14,"column":20},"end":{"line":14,"column":39}},"10":{"start":{"line":16,"column":4},"end":{"line":16,"column":25}},"11":{"start":{"line":18,"column":4},"end":{"line":18,"column":34}},"12":{"start":{"line":11,"column":13},"end":{"line":11,"column":43}}},"fnMap":{"0":{"name":"(anonymous_8)","decl":{"start":{"line":4,"column":43},"end":{"line":4,"column":50}},"loc":{"start":{"line":4,"column":63},"end":{"line":9,"column":null}}},"1":{"name":"(anonymous_9)","decl":{"start":{"line":4,"column":63},"end":{"line":4,"column":null}},"loc":{"start":{"line":4,"column":63},"end":{"line":9,"column":1}}},"2":{"name":"(anonymous_10)","decl":{"start":{"line":11,"column":43},"end":{"line":11,"column":50}},"loc":{"start":{"line":11,"column":62},"end":{"line":19,"column":null}}},"3":{"name":"(anonymous_11)","decl":{"start":{"line":11,"column":62},"end":{"line":11,"column":null}},"loc":{"start":{"line":11,"column":62},"end":{"line":19,"column":1}}}},"branchMap":{},"s":{"0":1,"1":1,"2":0,"3":0,"4":0,"5":1,"6":1,"7":0,"8":0,"9":0,"10":0,"11":0,"12":1},"f":{"0":0,"1":0,"2":0,"3":0},"b":{}}
,"C:\\Users\\farin\\OneDrive\\Escritorio\\Pickit\\TypeScript_Cars\\src\\database\\config.ts": {"path":"C:\\Users\\farin\\OneDrive\\Escritorio\\Pickit\\TypeScript_Cars\\src\\database\\config.ts","statementMap":{"0":{"start":{"line":1,"column":0},"end":{"line":1,"column":54}},"1":{"start":{"line":2,"column":0},"end":{"line":2,"column":27}},"2":{"start":{"line":3,"column":0},"end":{"line":3,"column":null}},"3":{"start":{"line":5,"column":50},"end":{"line":5,"column":61}},"4":{"start":{"line":7,"column":25},"end":{"line":9,"column":13}},"5":{"start":{"line":11,"column":21},"end":{"line":26,"column":null}},"6":{"start":{"line":11,"column":32},"end":{"line":26,"column":null}},"7":{"start":{"line":13,"column":4},"end":{"line":24,"column":null}},"8":{"start":{"line":14,"column":51},"end":{"line":17,"column":null}},"9":{"start":{"line":18,"column":19},"end":{"line":18,"column":81}},"10":{"start":{"line":19,"column":8},"end":{"line":19,"column":69}},"11":{"start":{"line":22,"column":12},"end":{"line":22,"column":31}},"12":{"start":{"line":23,"column":12},"end":{"line":23,"column":76}},"13":{"start":{"line":28,"column":0},"end":{"line":28,"column":28}}},"fnMap":{"0":{"name":"(anonymous_8)","decl":{"start":{"line":11,"column":21},"end":{"line":11,"column":30}},"loc":{"start":{"line":11,"column":32},"end":{"line":26,"column":null}}},"1":{"name":"(anonymous_9)","decl":{"start":{"line":11,"column":32},"end":{"line":11,"column":null}},"loc":{"start":{"line":11,"column":32},"end":{"line":26,"column":1}}}},"branchMap":{"0":{"loc":{"start":{"line":7,"column":25},"end":{"line":9,"column":13}},"type":"cond-expr","locations":[{"start":{"line":8,"column":2},"end":{"line":8,"column":18}},{"start":{"line":9,"column":2},"end":{"line":9,"column":13}}]}},"s":{"0":1,"1":1,"2":1,"3":1,"4":1,"5":1,"6":1,"7":1,"8":1,"9":1,"10":1,"11":0,"12":0,"13":1},"f":{"0":1,"1":1},"b":{"0":[1,0]}}
,"C:\\Users\\farin\\OneDrive\\Escritorio\\Pickit\\TypeScript_Cars\\src\\helpers\\db-validators.ts": {"path":"C:\\Users\\farin\\OneDrive\\Escritorio\\Pickit\\TypeScript_Cars\\src\\helpers\\db-validators.ts","statementMap":{"0":{"start":{"line":1,"column":0},"end":{"line":1,"column":31}},"1":{"start":{"line":2,"column":0},"end":{"line":2,"column":40}},"2":{"start":{"line":5,"column":28},"end":{"line":10,"column":2}},"3":{"start":{"line":5,"column":51},"end":{"line":10,"column":2}},"4":{"start":{"line":6,"column":22},"end":{"line":6,"column":52}},"5":{"start":{"line":7,"column":4},"end":{"line":9,"column":null}},"6":{"start":{"line":8,"column":8},"end":{"line":8,"column":60}},"7":{"start":{"line":26,"column":4},"end":{"line":26,"column":23}},"8":{"start":{"line":12,"column":19},"end":{"line":22,"column":2}},"9":{"start":{"line":12,"column":47},"end":{"line":22,"column":2}},"10":{"start":{"line":14,"column":4},"end":{"line":21,"column":null}},"11":{"start":{"line":14,"column":15},"end":{"line":14,"column":16}},"12":{"start":{"line":16,"column":22},"end":{"line":16,"column":32}},"13":{"start":{"line":17,"column":25},"end":{"line":17,"column":63}},"14":{"start":{"line":18,"column":8},"end":{"line":20,"column":null}},"15":{"start":{"line":19,"column":12},"end":{"line":19,"column":70}},"16":{"start":{"line":27,"column":4},"end":{"line":27,"column":14}}},"fnMap":{"0":{"name":"(anonymous_8)","decl":{"start":{"line":5,"column":28},"end":{"line":5,"column":35}},"loc":{"start":{"line":5,"column":51},"end":{"line":10,"column":2}}},"1":{"name":"(anonymous_9)","decl":{"start":{"line":5,"column":51},"end":{"line":5,"column":null}},"loc":{"start":{"line":5,"column":51},"end":{"line":10,"column":1}}},"2":{"name":"(anonymous_10)","decl":{"start":{"line":12,"column":19},"end":{"line":12,"column":26}},"loc":{"start":{"line":12,"column":47},"end":{"line":22,"column":2}}},"3":{"name":"(anonymous_11)","decl":{"start":{"line":12,"column":47},"end":{"line":12,"column":null}},"loc":{"start":{"line":12,"column":47},"end":{"line":22,"column":1}}}},"branchMap":{"0":{"loc":{"start":{"line":7,"column":4},"end":{"line":9,"column":null}},"type":"if","locations":[{"start":{"line":7,"column":4},"end":{"line":9,"column":null}}]},"1":{"loc":{"start":{"line":18,"column":8},"end":{"line":20,"column":null}},"type":"if","locations":[{"start":{"line":18,"column":8},"end":{"line":20,"column":null}}]}},"s":{"0":1,"1":1,"2":1,"3":0,"4":0,"5":0,"6":0,"7":1,"8":1,"9":0,"10":0,"11":0,"12":0,"13":0,"14":0,"15":0,"16":1},"f":{"0":0,"1":0,"2":0,"3":0},"b":{"0":[0],"1":[0]}}
,"C:\\Users\\farin\\OneDrive\\Escritorio\\Pickit\\TypeScript_Cars\\src\\middlewares\\validar-campos.ts": {"path":"C:\\Users\\farin\\OneDrive\\Escritorio\\Pickit\\TypeScript_Cars\\src\\middlewares\\validar-campos.ts","statementMap":{"0":{"start":{"line":2,"column":0},"end":{"line":2,"column":51}},"1":{"start":{"line":4,"column":45},"end":{"line":12,"column":1}},"2":{"start":{"line":6,"column":19},"end":{"line":6,"column":40}},"3":{"start":{"line":7,"column":4},"end":{"line":9,"column":null}},"4":{"start":{"line":8,"column":6},"end":{"line":8,"column":42}},"5":{"start":{"line":11,"column":4},"end":{"line":11,"column":11}},"6":{"start":{"line":4,"column":13},"end":{"line":4,"column":45}}},"fnMap":{"0":{"name":"(anonymous_0)","decl":{"start":{"line":4,"column":45},"end":{"line":4,"column":46}},"loc":{"start":{"line":4,"column":64},"end":{"line":12,"column":1}}}},"branchMap":{"0":{"loc":{"start":{"line":7,"column":4},"end":{"line":9,"column":null}},"type":"if","locations":[{"start":{"line":7,"column":4},"end":{"line":9,"column":null}}]}},"s":{"0":1,"1":1,"2":0,"3":0,"4":0,"5":0,"6":1},"f":{"0":0},"b":{"0":[0]}}
,"C:\\Users\\farin\\OneDrive\\Escritorio\\Pickit\\TypeScript_Cars\\src\\middlewares\\validar-politica.ts": {"path":"C:\\Users\\farin\\OneDrive\\Escritorio\\Pickit\\TypeScript_Cars\\src\\middlewares\\validar-politica.ts","statementMap":{"0":{"start":{"line":2,"column":0},"end":{"line":2,"column":31}},"1":{"start":{"line":4,"column":45},"end":{"line":21,"column":null}},"2":{"start":{"line":4,"column":70},"end":{"line":21,"column":null}},"3":{"start":{"line":6,"column":21},"end":{"line":6,"column":58}},"4":{"start":{"line":7,"column":20},"end":{"line":7,"column":36}},"5":{"start":{"line":9,"column":16},"end":{"line":9,"column":91}},"6":{"start":{"line":11,"column":18},"end":{"line":11,"column":48}},"7":{"start":{"line":13,"column":22},"end":{"line":13,"column":48}},"8":{"start":{"line":15,"column":4},"end":{"line":19,"column":null}},"9":{"start":{"line":16,"column":8},"end":{"line":18,"column":11}},"10":{"start":{"line":20,"column":4},"end":{"line":20,"column":11}},"11":{"start":{"line":4,"column":13},"end":{"line":4,"column":45}}},"fnMap":{"0":{"name":"(anonymous_8)","decl":{"start":{"line":4,"column":45},"end":{"line":4,"column":52}},"loc":{"start":{"line":4,"column":70},"end":{"line":21,"column":null}}},"1":{"name":"(anonymous_9)","decl":{"start":{"line":4,"column":70},"end":{"line":4,"column":null}},"loc":{"start":{"line":4,"column":70},"end":{"line":21,"column":1}}}},"branchMap":{"0":{"loc":{"start":{"line":15,"column":4},"end":{"line":19,"column":null}},"type":"if","locations":[{"start":{"line":15,"column":4},"end":{"line":19,"column":null}}]},"1":{"loc":{"start":{"line":15,"column":9},"end":{"line":15,"column":62}},"type":"binary-expr","locations":[{"start":{"line":15,"column":9},"end":{"line":15,"column":25}},{"start":{"line":15,"column":29},"end":{"line":15,"column":62}}]}},"s":{"0":1,"1":1,"2":0,"3":0,"4":0,"5":0,"6":0,"7":0,"8":0,"9":0,"10":0,"11":1},"f":{"0":0,"1":0},"b":{"0":[0],"1":[0,0]}}
,"C:\\Users\\farin\\OneDrive\\Escritorio\\Pickit\\TypeScript_Cars\\src\\models\\car.ts": {"path":"C:\\Users\\farin\\OneDrive\\Escritorio\\Pickit\\TypeScript_Cars\\src\\models\\car.ts","statementMap":{"0":{"start":{"line":1,"column":0},"end":{"line":1,"column":38}},"1":{"start":{"line":3,"column":18},"end":{"line":44,"column":24}},"2":{"start":{"line":46,"column":0},"end":{"line":46,"column":40}}},"fnMap":{},"branchMap":{},"s":{"0":1,"1":1,"2":1},"f":{},"b":{}}
,"C:\\Users\\farin\\OneDrive\\Escritorio\\Pickit\\TypeScript_Cars\\src\\models\\order.ts": {"path":"C:\\Users\\farin\\OneDrive\\Escritorio\\Pickit\\TypeScript_Cars\\src\\models\\order.ts","statementMap":{"0":{"start":{"line":1,"column":0},"end":{"line":1,"column":38}},"1":{"start":{"line":3,"column":20},"end":{"line":13,"column":24}},"2":{"start":{"line":15,"column":0},"end":{"line":15,"column":44}}},"fnMap":{},"branchMap":{},"s":{"0":1,"1":1,"2":1},"f":{},"b":{}}
,"C:\\Users\\farin\\OneDrive\\Escritorio\\Pickit\\TypeScript_Cars\\src\\models\\service.ts": {"path":"C:\\Users\\farin\\OneDrive\\Escritorio\\Pickit\\TypeScript_Cars\\src\\models\\service.ts","statementMap":{"0":{"start":{"line":1,"column":0},"end":{"line":1,"column":38}},"1":{"start":{"line":3,"column":22},"end":{"line":14,"column":24}},"2":{"start":{"line":16,"column":0},"end":{"line":16,"column":48}}},"fnMap":{},"branchMap":{},"s":{"0":1,"1":1,"2":1},"f":{},"b":{}}
,"C:\\Users\\farin\\OneDrive\\Escritorio\\Pickit\\TypeScript_Cars\\src\\routes\\cars.ts": {"path":"C:\\Users\\farin\\OneDrive\\Escritorio\\Pickit\\TypeScript_Cars\\src\\routes\\cars.ts","statementMap":{"0":{"start":{"line":1,"column":0},"end":{"line":1,"column":30}},"1":{"start":{"line":2,"column":0},"end":{"line":2,"column":41}},"2":{"start":{"line":3,"column":0},"end":{"line":3,"column":null}},"3":{"start":{"line":8,"column":0},"end":{"line":8,"column":61}},"4":{"start":{"line":9,"column":0},"end":{"line":9,"column":62}},"5":{"start":{"line":11,"column":15},"end":{"line":11,"column":23}},"6":{"start":{"line":14,"column":0},"end":{"line":14,"column":25}},"7":{"start":{"line":17,"column":0},"end":{"line":21,"column":11}},"8":{"start":{"line":24,"column":0},"end":{"line":32,"column":12}},"9":{"start":{"line":35,"column":0},"end":{"line":39,"column":11}},"10":{"start":{"line":42,"column":0},"end":{"line":46,"column":14}},"11":{"start":{"line":49,"column":0},"end":{"line":49,"column":22}}},"fnMap":{},"branchMap":{},"s":{"0":1,"1":1,"2":1,"3":1,"4":1,"5":1,"6":1,"7":1,"8":1,"9":1,"10":1,"11":1},"f":{},"b":{}}
,"C:\\Users\\farin\\OneDrive\\Escritorio\\Pickit\\TypeScript_Cars\\src\\routes\\orders.ts": {"path":"C:\\Users\\farin\\OneDrive\\Escritorio\\Pickit\\TypeScript_Cars\\src\\routes\\orders.ts","statementMap":{"0":{"start":{"line":1,"column":0},"end":{"line":1,"column":30}},"1":{"start":{"line":2,"column":0},"end":{"line":2,"column":41}},"2":{"start":{"line":3,"column":0},"end":{"line":3,"column":49}},"3":{"start":{"line":4,"column":0},"end":{"line":4,"column":73}},"4":{"start":{"line":5,"column":0},"end":{"line":5,"column":64}},"5":{"start":{"line":6,"column":0},"end":{"line":6,"column":61}},"6":{"start":{"line":8,"column":15},"end":{"line":8,"column":23}},"7":{"start":{"line":11,"column":0},"end":{"line":18,"column":14}},"8":{"start":{"line":20,"column":0},"end":{"line":20,"column":22}}},"fnMap":{},"branchMap":{},"s":{"0":1,"1":1,"2":1,"3":1,"4":1,"5":1,"6":1,"7":1,"8":1},"f":{},"b":{}}
,"C:\\Users\\farin\\OneDrive\\Escritorio\\Pickit\\TypeScript_Cars\\src\\routes\\services.ts": {"path":"C:\\Users\\farin\\OneDrive\\Escritorio\\Pickit\\TypeScript_Cars\\src\\routes\\services.ts","statementMap":{"0":{"start":{"line":1,"column":0},"end":{"line":1,"column":30}},"1":{"start":{"line":2,"column":0},"end":{"line":2,"column":66}},"2":{"start":{"line":4,"column":15},"end":{"line":4,"column":23}},"3":{"start":{"line":7,"column":0},"end":{"line":7,"column":29}},"4":{"start":{"line":10,"column":0},"end":{"line":10,"column":30}},"5":{"start":{"line":12,"column":0},"end":{"line":12,"column":22}}},"fnMap":{},"branchMap":{},"s":{"0":1,"1":1,"2":1,"3":1,"4":1,"5":1},"f":{},"b":{}}
}
